[2022-02-01 16:39:54,011] {manager.py:514} INFO - Processing files using up to 2 processes at a time 
[2022-02-01 16:39:54,012] {manager.py:515} INFO - Process each file at most once every 30 seconds
[2022-02-01 16:39:54,012] {manager.py:517} INFO - Checking for new files in /opt/airflow/dags every 300 seconds
[2022-02-01 16:39:54,014] {manager.py:663} INFO - Searching for files in /opt/airflow/dags
[2022-02-01 16:39:54,015] {manager.py:666} INFO - There are 0 files in /opt/airflow/dags
[2022-02-01 16:39:54,188] {manager.py:1065} INFO - Finding 'running' jobs without a recent heartbeat
[2022-02-01 16:39:54,188] {manager.py:1069} INFO - Failing jobs without heartbeat after 2022-02-01 16:34:54.188319+00:00
[2022-02-01 16:40:04,715] {manager.py:1065} INFO - Finding 'running' jobs without a recent heartbeat
[2022-02-01 16:40:04,715] {manager.py:1069} INFO - Failing jobs without heartbeat after 2022-02-01 16:35:04.715277+00:00
[2022-02-01 16:40:14,746] {manager.py:1065} INFO - Finding 'running' jobs without a recent heartbeat
[2022-02-01 16:40:14,813] {manager.py:1069} INFO - Failing jobs without heartbeat after 2022-02-01 16:35:14.813099+00:00
[2022-02-01 16:40:24,845] {manager.py:1065} INFO - Finding 'running' jobs without a recent heartbeat
[2022-02-01 16:40:24,845] {manager.py:1069} INFO - Failing jobs without heartbeat after 2022-02-01 16:35:24.845604+00:00
[2022-02-01 16:40:34,883] {manager.py:1065} INFO - Finding 'running' jobs without a recent heartbeat
[2022-02-01 16:40:34,884] {manager.py:1069} INFO - Failing jobs without heartbeat after 2022-02-01 16:35:34.883928+00:00
[2022-02-01 16:40:44,935] {manager.py:1065} INFO - Finding 'running' jobs without a recent heartbeat
[2022-02-01 16:40:45,037] {manager.py:1069} INFO - Failing jobs without heartbeat after 2022-02-01 16:35:45.036993+00:00
[2022-02-01 16:40:55,095] {manager.py:1065} INFO - Finding 'running' jobs without a recent heartbeat
[2022-02-01 16:40:55,155] {manager.py:1069} INFO - Failing jobs without heartbeat after 2022-02-01 16:35:55.155588+00:00
[2022-02-01 16:41:05,197] {manager.py:1065} INFO - Finding 'running' jobs without a recent heartbeat
[2022-02-01 16:41:05,197] {manager.py:1069} INFO - Failing jobs without heartbeat after 2022-02-01 16:36:05.197486+00:00
[2022-02-01 16:41:15,230] {manager.py:1065} INFO - Finding 'running' jobs without a recent heartbeat
[2022-02-01 16:41:15,231] {manager.py:1069} INFO - Failing jobs without heartbeat after 2022-02-01 16:36:15.231176+00:00
[2022-02-01 16:41:25,266] {manager.py:1065} INFO - Finding 'running' jobs without a recent heartbeat
[2022-02-01 16:41:25,267] {manager.py:1069} INFO - Failing jobs without heartbeat after 2022-02-01 16:36:25.267266+00:00
[2022-02-01 16:41:35,317] {manager.py:1065} INFO - Finding 'running' jobs without a recent heartbeat
[2022-02-01 16:41:35,317] {manager.py:1069} INFO - Failing jobs without heartbeat after 2022-02-01 16:36:35.317300+00:00
[2022-02-01 16:41:45,358] {manager.py:1065} INFO - Finding 'running' jobs without a recent heartbeat
[2022-02-01 16:41:45,359] {manager.py:1069} INFO - Failing jobs without heartbeat after 2022-02-01 16:36:45.359368+00:00
[2022-02-01 16:41:55,409] {manager.py:1065} INFO - Finding 'running' jobs without a recent heartbeat
[2022-02-01 16:41:55,409] {manager.py:1069} INFO - Failing jobs without heartbeat after 2022-02-01 16:36:55.409886+00:00
[2022-02-01 16:42:05,445] {manager.py:1065} INFO - Finding 'running' jobs without a recent heartbeat
[2022-02-01 16:42:05,446] {manager.py:1069} INFO - Failing jobs without heartbeat after 2022-02-01 16:37:05.446300+00:00
[2022-02-01 16:42:15,496] {manager.py:1065} INFO - Finding 'running' jobs without a recent heartbeat
[2022-02-01 16:42:15,496] {manager.py:1069} INFO - Failing jobs without heartbeat after 2022-02-01 16:37:15.496371+00:00
[2022-02-01 16:42:25,538] {manager.py:1065} INFO - Finding 'running' jobs without a recent heartbeat
[2022-02-01 16:42:25,538] {manager.py:1069} INFO - Failing jobs without heartbeat after 2022-02-01 16:37:25.538536+00:00
[2022-02-01 16:42:35,592] {manager.py:1065} INFO - Finding 'running' jobs without a recent heartbeat
[2022-02-01 16:42:35,592] {manager.py:1069} INFO - Failing jobs without heartbeat after 2022-02-01 16:37:35.592267+00:00
[2022-02-01 16:42:45,625] {manager.py:1065} INFO - Finding 'running' jobs without a recent heartbeat
[2022-02-01 16:42:45,625] {manager.py:1069} INFO - Failing jobs without heartbeat after 2022-02-01 16:37:45.625789+00:00
[2022-02-01 16:42:55,661] {manager.py:1065} INFO - Finding 'running' jobs without a recent heartbeat
[2022-02-01 16:42:55,661] {manager.py:1069} INFO - Failing jobs without heartbeat after 2022-02-01 16:37:55.661415+00:00
[2022-02-01 16:43:05,700] {manager.py:1065} INFO - Finding 'running' jobs without a recent heartbeat
[2022-02-01 16:43:05,700] {manager.py:1069} INFO - Failing jobs without heartbeat after 2022-02-01 16:38:05.700504+00:00
[2022-02-01 16:43:15,742] {manager.py:1065} INFO - Finding 'running' jobs without a recent heartbeat
[2022-02-01 16:43:15,743] {manager.py:1069} INFO - Failing jobs without heartbeat after 2022-02-01 16:38:15.743168+00:00
[2022-02-01 16:43:25,769] {manager.py:1065} INFO - Finding 'running' jobs without a recent heartbeat
[2022-02-01 16:43:25,770] {manager.py:1069} INFO - Failing jobs without heartbeat after 2022-02-01 16:38:25.770475+00:00
[2022-02-01 16:43:35,815] {manager.py:1065} INFO - Finding 'running' jobs without a recent heartbeat
[2022-02-01 16:43:35,815] {manager.py:1069} INFO - Failing jobs without heartbeat after 2022-02-01 16:38:35.815371+00:00
[2022-02-01 16:43:45,851] {manager.py:1065} INFO - Finding 'running' jobs without a recent heartbeat
[2022-02-01 16:43:45,851] {manager.py:1069} INFO - Failing jobs without heartbeat after 2022-02-01 16:38:45.851872+00:00
[2022-02-01 16:43:55,904] {manager.py:1065} INFO - Finding 'running' jobs without a recent heartbeat
[2022-02-01 16:43:55,905] {manager.py:1069} INFO - Failing jobs without heartbeat after 2022-02-01 16:38:55.905084+00:00
[2022-02-01 16:44:06,012] {manager.py:1065} INFO - Finding 'running' jobs without a recent heartbeat
[2022-02-01 16:44:06,105] {manager.py:1069} INFO - Failing jobs without heartbeat after 2022-02-01 16:39:06.105045+00:00
[2022-02-01 16:44:16,137] {manager.py:1065} INFO - Finding 'running' jobs without a recent heartbeat
[2022-02-01 16:44:16,138] {manager.py:1069} INFO - Failing jobs without heartbeat after 2022-02-01 16:39:16.138080+00:00
[2022-02-01 16:44:26,167] {manager.py:1065} INFO - Finding 'running' jobs without a recent heartbeat
[2022-02-01 16:44:26,167] {manager.py:1069} INFO - Failing jobs without heartbeat after 2022-02-01 16:39:26.167256+00:00
[2022-02-01 16:44:36,203] {manager.py:1065} INFO - Finding 'running' jobs without a recent heartbeat
[2022-02-01 16:44:36,204] {manager.py:1069} INFO - Failing jobs without heartbeat after 2022-02-01 16:39:36.203976+00:00
[2022-02-01 16:44:46,250] {manager.py:1065} INFO - Finding 'running' jobs without a recent heartbeat
[2022-02-01 16:44:46,251] {manager.py:1069} INFO - Failing jobs without heartbeat after 2022-02-01 16:39:46.251186+00:00
[2022-02-01 16:44:54,278] {manager.py:663} INFO - Searching for files in /opt/airflow/dags
[2022-02-01 16:44:54,279] {manager.py:666} INFO - There are 0 files in /opt/airflow/dags
[2022-02-01 16:44:56,292] {manager.py:1065} INFO - Finding 'running' jobs without a recent heartbeat
[2022-02-01 16:44:56,292] {manager.py:1069} INFO - Failing jobs without heartbeat after 2022-02-01 16:39:56.292246+00:00
[2022-02-01 16:45:06,331] {manager.py:1065} INFO - Finding 'running' jobs without a recent heartbeat
[2022-02-01 16:45:06,331] {manager.py:1069} INFO - Failing jobs without heartbeat after 2022-02-01 16:40:06.331185+00:00
[2022-02-01 16:45:16,362] {manager.py:1065} INFO - Finding 'running' jobs without a recent heartbeat
[2022-02-01 16:45:16,362] {manager.py:1069} INFO - Failing jobs without heartbeat after 2022-02-01 16:40:16.362214+00:00
[2022-02-01 16:45:26,393] {manager.py:1065} INFO - Finding 'running' jobs without a recent heartbeat
[2022-02-01 16:45:26,393] {manager.py:1069} INFO - Failing jobs without heartbeat after 2022-02-01 16:40:26.393650+00:00
[2022-02-01 16:45:36,442] {manager.py:1065} INFO - Finding 'running' jobs without a recent heartbeat
[2022-02-01 16:45:36,442] {manager.py:1069} INFO - Failing jobs without heartbeat after 2022-02-01 16:40:36.442296+00:00
[2022-02-01 16:45:46,478] {manager.py:1065} INFO - Finding 'running' jobs without a recent heartbeat
[2022-02-01 16:45:46,478] {manager.py:1069} INFO - Failing jobs without heartbeat after 2022-02-01 16:40:46.478575+00:00
[2022-02-01 16:45:56,509] {manager.py:1065} INFO - Finding 'running' jobs without a recent heartbeat
[2022-02-01 16:45:56,509] {manager.py:1069} INFO - Failing jobs without heartbeat after 2022-02-01 16:40:56.509317+00:00
[2022-02-01 16:46:06,540] {manager.py:1065} INFO - Finding 'running' jobs without a recent heartbeat
[2022-02-01 16:46:06,541] {manager.py:1069} INFO - Failing jobs without heartbeat after 2022-02-01 16:41:06.541473+00:00
[2022-02-01 16:46:16,595] {manager.py:1065} INFO - Finding 'running' jobs without a recent heartbeat
[2022-02-01 16:46:16,595] {manager.py:1069} INFO - Failing jobs without heartbeat after 2022-02-01 16:41:16.595253+00:00
[2022-02-01 16:46:26,636] {manager.py:1065} INFO - Finding 'running' jobs without a recent heartbeat
[2022-02-01 16:46:26,636] {manager.py:1069} INFO - Failing jobs without heartbeat after 2022-02-01 16:41:26.636605+00:00
[2022-02-01 16:46:36,666] {manager.py:1065} INFO - Finding 'running' jobs without a recent heartbeat
[2022-02-01 16:46:36,666] {manager.py:1069} INFO - Failing jobs without heartbeat after 2022-02-01 16:41:36.666823+00:00
[2022-02-01 16:46:46,719] {manager.py:1065} INFO - Finding 'running' jobs without a recent heartbeat
[2022-02-01 16:46:46,720] {manager.py:1069} INFO - Failing jobs without heartbeat after 2022-02-01 16:41:46.720344+00:00
[2022-02-01 16:46:56,770] {manager.py:1065} INFO - Finding 'running' jobs without a recent heartbeat
[2022-02-01 16:46:56,770] {manager.py:1069} INFO - Failing jobs without heartbeat after 2022-02-01 16:41:56.770751+00:00
[2022-02-01 16:47:06,809] {manager.py:1065} INFO - Finding 'running' jobs without a recent heartbeat
[2022-02-01 16:47:06,809] {manager.py:1069} INFO - Failing jobs without heartbeat after 2022-02-01 16:42:06.809265+00:00
[2022-02-01 16:47:16,841] {manager.py:1065} INFO - Finding 'running' jobs without a recent heartbeat
[2022-02-01 16:47:16,842] {manager.py:1069} INFO - Failing jobs without heartbeat after 2022-02-01 16:42:16.842259+00:00
[2022-02-01 16:47:26,893] {manager.py:1065} INFO - Finding 'running' jobs without a recent heartbeat
[2022-02-01 16:47:26,894] {manager.py:1069} INFO - Failing jobs without heartbeat after 2022-02-01 16:42:26.894095+00:00
[2022-02-01 16:47:36,929] {manager.py:1065} INFO - Finding 'running' jobs without a recent heartbeat
[2022-02-01 16:47:36,929] {manager.py:1069} INFO - Failing jobs without heartbeat after 2022-02-01 16:42:36.929713+00:00
[2022-02-01 16:47:46,972] {manager.py:1065} INFO - Finding 'running' jobs without a recent heartbeat
[2022-02-01 16:47:46,973] {manager.py:1069} INFO - Failing jobs without heartbeat after 2022-02-01 16:42:46.973073+00:00
[2022-02-01 16:47:57,022] {manager.py:1065} INFO - Finding 'running' jobs without a recent heartbeat
[2022-02-01 16:47:57,022] {manager.py:1069} INFO - Failing jobs without heartbeat after 2022-02-01 16:42:57.022614+00:00
[2022-02-01 16:48:07,056] {manager.py:1065} INFO - Finding 'running' jobs without a recent heartbeat
[2022-02-01 16:48:07,056] {manager.py:1069} INFO - Failing jobs without heartbeat after 2022-02-01 16:43:07.056586+00:00
[2022-02-01 16:48:17,091] {manager.py:1065} INFO - Finding 'running' jobs without a recent heartbeat
[2022-02-01 16:48:17,091] {manager.py:1069} INFO - Failing jobs without heartbeat after 2022-02-01 16:43:17.091327+00:00
[2022-02-01 16:48:27,140] {manager.py:1065} INFO - Finding 'running' jobs without a recent heartbeat
[2022-02-01 16:48:27,141] {manager.py:1069} INFO - Failing jobs without heartbeat after 2022-02-01 16:43:27.141047+00:00
[2022-02-01 16:48:37,175] {manager.py:1065} INFO - Finding 'running' jobs without a recent heartbeat
[2022-02-01 16:48:37,175] {manager.py:1069} INFO - Failing jobs without heartbeat after 2022-02-01 16:43:37.175280+00:00
[2022-02-01 16:48:47,203] {manager.py:1065} INFO - Finding 'running' jobs without a recent heartbeat
[2022-02-01 16:48:47,203] {manager.py:1069} INFO - Failing jobs without heartbeat after 2022-02-01 16:43:47.203305+00:00
[2022-02-01 16:48:57,267] {manager.py:1065} INFO - Finding 'running' jobs without a recent heartbeat
[2022-02-01 16:48:57,267] {manager.py:1069} INFO - Failing jobs without heartbeat after 2022-02-01 16:43:57.267859+00:00
[2022-02-01 16:49:07,335] {manager.py:1065} INFO - Finding 'running' jobs without a recent heartbeat
[2022-02-01 16:49:07,335] {manager.py:1069} INFO - Failing jobs without heartbeat after 2022-02-01 16:44:07.335467+00:00
[2022-02-01 16:49:17,367] {manager.py:1065} INFO - Finding 'running' jobs without a recent heartbeat
[2022-02-01 16:49:17,367] {manager.py:1069} INFO - Failing jobs without heartbeat after 2022-02-01 16:44:17.367249+00:00
[2022-02-01 16:49:27,399] {manager.py:1065} INFO - Finding 'running' jobs without a recent heartbeat
[2022-02-01 16:49:27,399] {manager.py:1069} INFO - Failing jobs without heartbeat after 2022-02-01 16:44:27.399872+00:00
[2022-02-01 16:49:37,451] {manager.py:1065} INFO - Finding 'running' jobs without a recent heartbeat
[2022-02-01 16:49:37,451] {manager.py:1069} INFO - Failing jobs without heartbeat after 2022-02-01 16:44:37.451191+00:00
[2022-02-01 16:49:47,481] {manager.py:1065} INFO - Finding 'running' jobs without a recent heartbeat
[2022-02-01 16:49:47,481] {manager.py:1069} INFO - Failing jobs without heartbeat after 2022-02-01 16:44:47.481308+00:00
[2022-02-01 16:49:54,509] {manager.py:663} INFO - Searching for files in /opt/airflow/dags
[2022-02-01 16:49:54,510] {manager.py:666} INFO - There are 0 files in /opt/airflow/dags
[2022-02-01 16:49:57,538] {manager.py:1065} INFO - Finding 'running' jobs without a recent heartbeat
[2022-02-01 16:49:57,539] {manager.py:1069} INFO - Failing jobs without heartbeat after 2022-02-01 16:44:57.539222+00:00
[2022-02-01 16:50:07,571] {manager.py:1065} INFO - Finding 'running' jobs without a recent heartbeat
[2022-02-01 16:50:07,571] {manager.py:1069} INFO - Failing jobs without heartbeat after 2022-02-01 16:45:07.571252+00:00
[2022-02-01 16:50:17,602] {manager.py:1065} INFO - Finding 'running' jobs without a recent heartbeat
[2022-02-01 16:50:17,602] {manager.py:1069} INFO - Failing jobs without heartbeat after 2022-02-01 16:45:17.602417+00:00
[2022-02-01 16:50:27,632] {manager.py:1065} INFO - Finding 'running' jobs without a recent heartbeat
[2022-02-01 16:50:27,633] {manager.py:1069} INFO - Failing jobs without heartbeat after 2022-02-01 16:45:27.633132+00:00
[2022-02-01 16:50:37,667] {manager.py:1065} INFO - Finding 'running' jobs without a recent heartbeat
[2022-02-01 16:50:37,667] {manager.py:1069} INFO - Failing jobs without heartbeat after 2022-02-01 16:45:37.667648+00:00
[2022-02-01 16:50:47,724] {manager.py:1065} INFO - Finding 'running' jobs without a recent heartbeat
[2022-02-01 16:50:47,725] {manager.py:1069} INFO - Failing jobs without heartbeat after 2022-02-01 16:45:47.725080+00:00
[2022-02-01 16:50:57,758] {manager.py:1065} INFO - Finding 'running' jobs without a recent heartbeat
[2022-02-01 16:50:57,758] {manager.py:1069} INFO - Failing jobs without heartbeat after 2022-02-01 16:45:57.758421+00:00
[2022-02-01 16:51:07,799] {manager.py:1065} INFO - Finding 'running' jobs without a recent heartbeat
[2022-02-01 16:51:07,800] {manager.py:1069} INFO - Failing jobs without heartbeat after 2022-02-01 16:46:07.800507+00:00
[2022-02-01 16:51:17,848] {manager.py:1065} INFO - Finding 'running' jobs without a recent heartbeat
[2022-02-01 16:51:17,849] {manager.py:1069} INFO - Failing jobs without heartbeat after 2022-02-01 16:46:17.849120+00:00
[2022-02-01 16:51:27,886] {manager.py:1065} INFO - Finding 'running' jobs without a recent heartbeat
[2022-02-01 16:51:27,886] {manager.py:1069} INFO - Failing jobs without heartbeat after 2022-02-01 16:46:27.886700+00:00
[2022-02-01 16:51:37,943] {manager.py:1065} INFO - Finding 'running' jobs without a recent heartbeat
[2022-02-01 16:51:37,943] {manager.py:1069} INFO - Failing jobs without heartbeat after 2022-02-01 16:46:37.943884+00:00
[2022-02-01 16:51:47,990] {manager.py:1065} INFO - Finding 'running' jobs without a recent heartbeat
[2022-02-01 16:51:47,990] {manager.py:1069} INFO - Failing jobs without heartbeat after 2022-02-01 16:46:47.990683+00:00
[2022-02-01 16:51:58,021] {manager.py:1065} INFO - Finding 'running' jobs without a recent heartbeat
[2022-02-01 16:51:58,022] {manager.py:1069} INFO - Failing jobs without heartbeat after 2022-02-01 16:46:58.022142+00:00
[2022-02-01 16:52:08,054] {manager.py:1065} INFO - Finding 'running' jobs without a recent heartbeat
[2022-02-01 16:52:08,054] {manager.py:1069} INFO - Failing jobs without heartbeat after 2022-02-01 16:47:08.054888+00:00
[2022-02-01 16:52:18,085] {manager.py:1065} INFO - Finding 'running' jobs without a recent heartbeat
[2022-02-01 16:52:18,085] {manager.py:1069} INFO - Failing jobs without heartbeat after 2022-02-01 16:47:18.085233+00:00
[2022-02-01 16:52:28,130] {manager.py:1065} INFO - Finding 'running' jobs without a recent heartbeat
[2022-02-01 16:52:28,131] {manager.py:1069} INFO - Failing jobs without heartbeat after 2022-02-01 16:47:28.131345+00:00
[2022-02-01 16:52:38,184] {manager.py:1065} INFO - Finding 'running' jobs without a recent heartbeat
[2022-02-01 16:52:38,184] {manager.py:1069} INFO - Failing jobs without heartbeat after 2022-02-01 16:47:38.184920+00:00
[2022-02-01 16:52:48,219] {manager.py:1065} INFO - Finding 'running' jobs without a recent heartbeat
[2022-02-01 16:52:48,219] {manager.py:1069} INFO - Failing jobs without heartbeat after 2022-02-01 16:47:48.219209+00:00
[2022-02-01 16:52:58,248] {manager.py:1065} INFO - Finding 'running' jobs without a recent heartbeat
[2022-02-01 16:52:58,248] {manager.py:1069} INFO - Failing jobs without heartbeat after 2022-02-01 16:47:58.248569+00:00
[2022-02-01 16:53:08,286] {manager.py:1065} INFO - Finding 'running' jobs without a recent heartbeat
[2022-02-01 16:53:08,286] {manager.py:1069} INFO - Failing jobs without heartbeat after 2022-02-01 16:48:08.286425+00:00
[2022-02-01 16:53:18,319] {manager.py:1065} INFO - Finding 'running' jobs without a recent heartbeat
[2022-02-01 16:53:18,320] {manager.py:1069} INFO - Failing jobs without heartbeat after 2022-02-01 16:48:18.320303+00:00
[2022-02-01 16:53:28,351] {manager.py:1065} INFO - Finding 'running' jobs without a recent heartbeat
[2022-02-01 16:53:28,351] {manager.py:1069} INFO - Failing jobs without heartbeat after 2022-02-01 16:48:28.351184+00:00
[2022-02-01 16:53:38,383] {manager.py:1065} INFO - Finding 'running' jobs without a recent heartbeat
[2022-02-01 16:53:38,383] {manager.py:1069} INFO - Failing jobs without heartbeat after 2022-02-01 16:48:38.383879+00:00
[2022-02-01 16:53:48,432] {manager.py:1065} INFO - Finding 'running' jobs without a recent heartbeat
[2022-02-01 16:53:48,433] {manager.py:1069} INFO - Failing jobs without heartbeat after 2022-02-01 16:48:48.433014+00:00
[2022-02-01 16:53:58,462] {manager.py:1065} INFO - Finding 'running' jobs without a recent heartbeat
[2022-02-01 16:53:58,462] {manager.py:1069} INFO - Failing jobs without heartbeat after 2022-02-01 16:48:58.462664+00:00
[2022-02-01 16:54:08,489] {manager.py:1065} INFO - Finding 'running' jobs without a recent heartbeat
[2022-02-01 16:54:08,489] {manager.py:1069} INFO - Failing jobs without heartbeat after 2022-02-01 16:49:08.489362+00:00
[2022-02-01 16:54:18,520] {manager.py:1065} INFO - Finding 'running' jobs without a recent heartbeat
[2022-02-01 16:54:18,521] {manager.py:1069} INFO - Failing jobs without heartbeat after 2022-02-01 16:49:18.521125+00:00
[2022-02-01 16:54:28,557] {manager.py:1065} INFO - Finding 'running' jobs without a recent heartbeat
[2022-02-01 16:54:28,558] {manager.py:1069} INFO - Failing jobs without heartbeat after 2022-02-01 16:49:28.558097+00:00
[2022-02-01 16:54:38,593] {manager.py:1065} INFO - Finding 'running' jobs without a recent heartbeat
[2022-02-01 16:54:38,594] {manager.py:1069} INFO - Failing jobs without heartbeat after 2022-02-01 16:49:38.594477+00:00
[2022-02-01 16:54:48,639] {manager.py:1065} INFO - Finding 'running' jobs without a recent heartbeat
[2022-02-01 16:54:48,639] {manager.py:1069} INFO - Failing jobs without heartbeat after 2022-02-01 16:49:48.639258+00:00
[2022-02-01 16:54:54,674] {manager.py:663} INFO - Searching for files in /opt/airflow/dags
[2022-02-01 16:54:54,675] {manager.py:666} INFO - There are 0 files in /opt/airflow/dags
[2022-02-01 16:54:58,695] {manager.py:1065} INFO - Finding 'running' jobs without a recent heartbeat
[2022-02-01 16:54:58,695] {manager.py:1069} INFO - Failing jobs without heartbeat after 2022-02-01 16:49:58.695262+00:00
[2022-02-01 16:55:08,760] {manager.py:1065} INFO - Finding 'running' jobs without a recent heartbeat
[2022-02-01 16:55:08,761] {manager.py:1069} INFO - Failing jobs without heartbeat after 2022-02-01 16:50:08.761042+00:00
[2022-02-01 16:55:18,796] {manager.py:1065} INFO - Finding 'running' jobs without a recent heartbeat
[2022-02-01 16:55:18,796] {manager.py:1069} INFO - Failing jobs without heartbeat after 2022-02-01 16:50:18.796663+00:00
[2022-02-01 16:55:28,829] {manager.py:1065} INFO - Finding 'running' jobs without a recent heartbeat
[2022-02-01 16:55:28,829] {manager.py:1069} INFO - Failing jobs without heartbeat after 2022-02-01 16:50:28.829372+00:00
[2022-02-01 16:55:38,875] {manager.py:1065} INFO - Finding 'running' jobs without a recent heartbeat
[2022-02-01 16:55:38,875] {manager.py:1069} INFO - Failing jobs without heartbeat after 2022-02-01 16:50:38.875284+00:00
[2022-02-01 16:55:48,913] {manager.py:1065} INFO - Finding 'running' jobs without a recent heartbeat
[2022-02-01 16:55:48,913] {manager.py:1069} INFO - Failing jobs without heartbeat after 2022-02-01 16:50:48.913185+00:00
[2022-02-01 16:55:58,943] {manager.py:1065} INFO - Finding 'running' jobs without a recent heartbeat
[2022-02-01 16:55:58,943] {manager.py:1069} INFO - Failing jobs without heartbeat after 2022-02-01 16:50:58.943220+00:00
[2022-02-01 16:56:08,983] {manager.py:1065} INFO - Finding 'running' jobs without a recent heartbeat
[2022-02-01 16:56:08,983] {manager.py:1069} INFO - Failing jobs without heartbeat after 2022-02-01 16:51:08.983740+00:00
[2022-02-01 16:56:19,021] {manager.py:1065} INFO - Finding 'running' jobs without a recent heartbeat
[2022-02-01 16:56:19,022] {manager.py:1069} INFO - Failing jobs without heartbeat after 2022-02-01 16:51:19.022171+00:00
[2022-02-01 16:56:29,075] {manager.py:1065} INFO - Finding 'running' jobs without a recent heartbeat
[2022-02-01 16:56:29,075] {manager.py:1069} INFO - Failing jobs without heartbeat after 2022-02-01 16:51:29.075663+00:00
[2022-02-01 16:56:39,118] {manager.py:1065} INFO - Finding 'running' jobs without a recent heartbeat
[2022-02-01 16:56:39,118] {manager.py:1069} INFO - Failing jobs without heartbeat after 2022-02-01 16:51:39.118778+00:00
[2022-02-01 16:56:49,150] {manager.py:1065} INFO - Finding 'running' jobs without a recent heartbeat
[2022-02-01 16:56:49,151] {manager.py:1069} INFO - Failing jobs without heartbeat after 2022-02-01 16:51:49.151097+00:00
[2022-02-01 16:56:59,183] {manager.py:1065} INFO - Finding 'running' jobs without a recent heartbeat
[2022-02-01 16:56:59,183] {manager.py:1069} INFO - Failing jobs without heartbeat after 2022-02-01 16:51:59.183560+00:00
[2022-02-01 16:57:09,214] {manager.py:1065} INFO - Finding 'running' jobs without a recent heartbeat
[2022-02-01 16:57:09,215] {manager.py:1069} INFO - Failing jobs without heartbeat after 2022-02-01 16:52:09.215409+00:00
[2022-02-01 16:57:19,267] {manager.py:1065} INFO - Finding 'running' jobs without a recent heartbeat
[2022-02-01 16:57:19,267] {manager.py:1069} INFO - Failing jobs without heartbeat after 2022-02-01 16:52:19.267293+00:00
[2022-02-01 16:57:29,303] {manager.py:1065} INFO - Finding 'running' jobs without a recent heartbeat
[2022-02-01 16:57:29,303] {manager.py:1069} INFO - Failing jobs without heartbeat after 2022-02-01 16:52:29.303233+00:00
[2022-02-01 16:57:39,332] {manager.py:1065} INFO - Finding 'running' jobs without a recent heartbeat
[2022-02-01 16:57:39,333] {manager.py:1069} INFO - Failing jobs without heartbeat after 2022-02-01 16:52:39.332984+00:00
[2022-02-01 16:57:49,362] {manager.py:1065} INFO - Finding 'running' jobs without a recent heartbeat
[2022-02-01 16:57:49,363] {manager.py:1069} INFO - Failing jobs without heartbeat after 2022-02-01 16:52:49.363504+00:00
[2022-02-01 16:57:59,414] {manager.py:1065} INFO - Finding 'running' jobs without a recent heartbeat
[2022-02-01 16:57:59,414] {manager.py:1069} INFO - Failing jobs without heartbeat after 2022-02-01 16:52:59.414461+00:00
[2022-02-01 16:58:09,457] {manager.py:1065} INFO - Finding 'running' jobs without a recent heartbeat
[2022-02-01 16:58:09,458] {manager.py:1069} INFO - Failing jobs without heartbeat after 2022-02-01 16:53:09.458460+00:00
[2022-02-01 16:58:19,498] {manager.py:1065} INFO - Finding 'running' jobs without a recent heartbeat
[2022-02-01 16:58:19,498] {manager.py:1069} INFO - Failing jobs without heartbeat after 2022-02-01 16:53:19.498534+00:00
[2022-02-01 16:58:29,534] {manager.py:1065} INFO - Finding 'running' jobs without a recent heartbeat
[2022-02-01 16:58:29,534] {manager.py:1069} INFO - Failing jobs without heartbeat after 2022-02-01 16:53:29.534633+00:00
[2022-02-01 16:58:39,583] {manager.py:1065} INFO - Finding 'running' jobs without a recent heartbeat
[2022-02-01 16:58:39,583] {manager.py:1069} INFO - Failing jobs without heartbeat after 2022-02-01 16:53:39.583323+00:00
[2022-02-01 16:58:49,620] {manager.py:1065} INFO - Finding 'running' jobs without a recent heartbeat
[2022-02-01 16:58:49,621] {manager.py:1069} INFO - Failing jobs without heartbeat after 2022-02-01 16:53:49.621323+00:00
[2022-02-01 16:58:59,665] {manager.py:1065} INFO - Finding 'running' jobs without a recent heartbeat
[2022-02-01 16:58:59,665] {manager.py:1069} INFO - Failing jobs without heartbeat after 2022-02-01 16:53:59.665746+00:00
[2022-02-01 16:59:09,704] {manager.py:1065} INFO - Finding 'running' jobs without a recent heartbeat
[2022-02-01 16:59:09,705] {manager.py:1069} INFO - Failing jobs without heartbeat after 2022-02-01 16:54:09.705067+00:00
[2022-02-01 16:59:19,741] {manager.py:1065} INFO - Finding 'running' jobs without a recent heartbeat
[2022-02-01 16:59:19,742] {manager.py:1069} INFO - Failing jobs without heartbeat after 2022-02-01 16:54:19.741939+00:00
[2022-02-01 16:59:29,778] {manager.py:1065} INFO - Finding 'running' jobs without a recent heartbeat
[2022-02-01 16:59:29,778] {manager.py:1069} INFO - Failing jobs without heartbeat after 2022-02-01 16:54:29.778366+00:00
[2022-02-01 16:59:39,813] {manager.py:1065} INFO - Finding 'running' jobs without a recent heartbeat
[2022-02-01 16:59:39,814] {manager.py:1069} INFO - Failing jobs without heartbeat after 2022-02-01 16:54:39.814182+00:00
[2022-02-01 16:59:49,864] {manager.py:1065} INFO - Finding 'running' jobs without a recent heartbeat
[2022-02-01 16:59:49,864] {manager.py:1069} INFO - Failing jobs without heartbeat after 2022-02-01 16:54:49.864685+00:00
[2022-02-01 16:59:54,888] {manager.py:663} INFO - Searching for files in /opt/airflow/dags
[2022-02-01 16:59:54,888] {manager.py:666} INFO - There are 0 files in /opt/airflow/dags
[2022-02-01 16:59:59,907] {manager.py:1065} INFO - Finding 'running' jobs without a recent heartbeat
[2022-02-01 16:59:59,907] {manager.py:1069} INFO - Failing jobs without heartbeat after 2022-02-01 16:54:59.907235+00:00
[2022-02-01 17:00:09,941] {manager.py:1065} INFO - Finding 'running' jobs without a recent heartbeat
[2022-02-01 17:00:09,941] {manager.py:1069} INFO - Failing jobs without heartbeat after 2022-02-01 16:55:09.941515+00:00
[2022-02-01 17:00:19,991] {manager.py:1065} INFO - Finding 'running' jobs without a recent heartbeat
[2022-02-01 17:00:19,991] {manager.py:1069} INFO - Failing jobs without heartbeat after 2022-02-01 16:55:19.991297+00:00
[2022-02-01 17:00:30,025] {manager.py:1065} INFO - Finding 'running' jobs without a recent heartbeat
[2022-02-01 17:00:30,025] {manager.py:1069} INFO - Failing jobs without heartbeat after 2022-02-01 16:55:30.025507+00:00
[2022-02-01 17:00:40,057] {manager.py:1065} INFO - Finding 'running' jobs without a recent heartbeat
[2022-02-01 17:00:40,057] {manager.py:1069} INFO - Failing jobs without heartbeat after 2022-02-01 16:55:40.057406+00:00
[2022-02-01 17:00:50,107] {manager.py:1065} INFO - Finding 'running' jobs without a recent heartbeat
[2022-02-01 17:00:50,107] {manager.py:1069} INFO - Failing jobs without heartbeat after 2022-02-01 16:55:50.107768+00:00
[2022-02-01 17:01:00,196] {manager.py:1065} INFO - Finding 'running' jobs without a recent heartbeat
[2022-02-01 17:01:00,196] {manager.py:1069} INFO - Failing jobs without heartbeat after 2022-02-01 16:56:00.196647+00:00
[2022-02-01 17:01:10,229] {manager.py:1065} INFO - Finding 'running' jobs without a recent heartbeat
[2022-02-01 17:01:10,229] {manager.py:1069} INFO - Failing jobs without heartbeat after 2022-02-01 16:56:10.229231+00:00
[2022-02-01 17:01:20,262] {manager.py:1065} INFO - Finding 'running' jobs without a recent heartbeat
[2022-02-01 17:01:20,263] {manager.py:1069} INFO - Failing jobs without heartbeat after 2022-02-01 16:56:20.263657+00:00
[2022-02-01 17:01:30,314] {manager.py:1065} INFO - Finding 'running' jobs without a recent heartbeat
[2022-02-01 17:01:30,314] {manager.py:1069} INFO - Failing jobs without heartbeat after 2022-02-01 16:56:30.314615+00:00
[2022-02-01 17:01:40,349] {manager.py:1065} INFO - Finding 'running' jobs without a recent heartbeat
[2022-02-01 17:01:40,349] {manager.py:1069} INFO - Failing jobs without heartbeat after 2022-02-01 16:56:40.349625+00:00
[2022-02-01 17:01:50,378] {manager.py:1065} INFO - Finding 'running' jobs without a recent heartbeat
[2022-02-01 17:01:50,378] {manager.py:1069} INFO - Failing jobs without heartbeat after 2022-02-01 16:56:50.378922+00:00
[2022-02-01 17:02:00,413] {manager.py:1065} INFO - Finding 'running' jobs without a recent heartbeat
[2022-02-01 17:02:00,413] {manager.py:1069} INFO - Failing jobs without heartbeat after 2022-02-01 16:57:00.413283+00:00
[2022-02-01 17:02:10,446] {manager.py:1065} INFO - Finding 'running' jobs without a recent heartbeat
[2022-02-01 17:02:10,446] {manager.py:1069} INFO - Failing jobs without heartbeat after 2022-02-01 16:57:10.446239+00:00
[2022-02-01 17:02:20,478] {manager.py:1065} INFO - Finding 'running' jobs without a recent heartbeat
[2022-02-01 17:02:20,479] {manager.py:1069} INFO - Failing jobs without heartbeat after 2022-02-01 16:57:20.478984+00:00
[2022-02-01 17:02:30,509] {manager.py:1065} INFO - Finding 'running' jobs without a recent heartbeat
[2022-02-01 17:02:30,509] {manager.py:1069} INFO - Failing jobs without heartbeat after 2022-02-01 16:57:30.509801+00:00
[2022-02-01 17:02:40,557] {manager.py:1065} INFO - Finding 'running' jobs without a recent heartbeat
[2022-02-01 17:02:40,557] {manager.py:1069} INFO - Failing jobs without heartbeat after 2022-02-01 16:57:40.557793+00:00
[2022-02-01 17:02:50,587] {manager.py:1065} INFO - Finding 'running' jobs without a recent heartbeat
[2022-02-01 17:02:50,587] {manager.py:1069} INFO - Failing jobs without heartbeat after 2022-02-01 16:57:50.587590+00:00
[2022-02-01 17:03:00,644] {manager.py:1065} INFO - Finding 'running' jobs without a recent heartbeat
[2022-02-01 17:03:00,644] {manager.py:1069} INFO - Failing jobs without heartbeat after 2022-02-01 16:58:00.644966+00:00
[2022-02-01 17:03:10,678] {manager.py:1065} INFO - Finding 'running' jobs without a recent heartbeat
[2022-02-01 17:03:10,679] {manager.py:1069} INFO - Failing jobs without heartbeat after 2022-02-01 16:58:10.679257+00:00
[2022-02-01 17:03:20,728] {manager.py:1065} INFO - Finding 'running' jobs without a recent heartbeat
[2022-02-01 17:03:20,728] {manager.py:1069} INFO - Failing jobs without heartbeat after 2022-02-01 16:58:20.728700+00:00
[2022-02-01 17:03:30,782] {manager.py:1065} INFO - Finding 'running' jobs without a recent heartbeat
[2022-02-01 17:03:30,782] {manager.py:1069} INFO - Failing jobs without heartbeat after 2022-02-01 16:58:30.782654+00:00
[2022-02-01 17:03:40,832] {manager.py:1065} INFO - Finding 'running' jobs without a recent heartbeat
[2022-02-01 17:03:40,833] {manager.py:1069} INFO - Failing jobs without heartbeat after 2022-02-01 16:58:40.833254+00:00
[2022-02-01 17:03:50,884] {manager.py:1065} INFO - Finding 'running' jobs without a recent heartbeat
[2022-02-01 17:03:50,885] {manager.py:1069} INFO - Failing jobs without heartbeat after 2022-02-01 16:58:50.885034+00:00
[2022-02-01 17:04:00,918] {manager.py:1065} INFO - Finding 'running' jobs without a recent heartbeat
[2022-02-01 17:04:00,918] {manager.py:1069} INFO - Failing jobs without heartbeat after 2022-02-01 16:59:00.918555+00:00
[2022-02-01 17:04:10,984] {manager.py:1065} INFO - Finding 'running' jobs without a recent heartbeat
[2022-02-01 17:04:10,985] {manager.py:1069} INFO - Failing jobs without heartbeat after 2022-02-01 16:59:10.985637+00:00
[2022-02-01 17:04:21,034] {manager.py:1065} INFO - Finding 'running' jobs without a recent heartbeat
[2022-02-01 17:04:21,035] {manager.py:1069} INFO - Failing jobs without heartbeat after 2022-02-01 16:59:21.035472+00:00
[2022-02-01 17:04:31,091] {manager.py:1065} INFO - Finding 'running' jobs without a recent heartbeat
[2022-02-01 17:04:31,091] {manager.py:1069} INFO - Failing jobs without heartbeat after 2022-02-01 16:59:31.091315+00:00
[2022-02-01 17:04:41,132] {manager.py:1065} INFO - Finding 'running' jobs without a recent heartbeat
[2022-02-01 17:04:41,132] {manager.py:1069} INFO - Failing jobs without heartbeat after 2022-02-01 16:59:41.132599+00:00
[2022-02-01 17:04:51,171] {manager.py:1065} INFO - Finding 'running' jobs without a recent heartbeat
[2022-02-01 17:04:51,171] {manager.py:1069} INFO - Failing jobs without heartbeat after 2022-02-01 16:59:51.171359+00:00
[2022-02-01 17:04:55,196] {manager.py:663} INFO - Searching for files in /opt/airflow/dags
[2022-02-01 17:04:55,196] {manager.py:666} INFO - There are 0 files in /opt/airflow/dags
[2022-02-01 17:05:01,221] {manager.py:1065} INFO - Finding 'running' jobs without a recent heartbeat
[2022-02-01 17:05:01,221] {manager.py:1069} INFO - Failing jobs without heartbeat after 2022-02-01 17:00:01.221577+00:00
[2022-02-01 17:05:11,262] {manager.py:1065} INFO - Finding 'running' jobs without a recent heartbeat
[2022-02-01 17:05:11,262] {manager.py:1069} INFO - Failing jobs without heartbeat after 2022-02-01 17:00:11.262736+00:00
[2022-02-01 17:05:21,312] {manager.py:1065} INFO - Finding 'running' jobs without a recent heartbeat
[2022-02-01 17:05:21,313] {manager.py:1069} INFO - Failing jobs without heartbeat after 2022-02-01 17:00:21.313164+00:00
[2022-02-01 17:05:31,343] {manager.py:1065} INFO - Finding 'running' jobs without a recent heartbeat
[2022-02-01 17:05:31,343] {manager.py:1069} INFO - Failing jobs without heartbeat after 2022-02-01 17:00:31.343895+00:00
[2022-02-01 17:05:41,396] {manager.py:1065} INFO - Finding 'running' jobs without a recent heartbeat
[2022-02-01 17:05:41,396] {manager.py:1069} INFO - Failing jobs without heartbeat after 2022-02-01 17:00:41.396873+00:00
[2022-02-01 17:05:51,430] {manager.py:1065} INFO - Finding 'running' jobs without a recent heartbeat
[2022-02-01 17:05:51,430] {manager.py:1069} INFO - Failing jobs without heartbeat after 2022-02-01 17:00:51.430806+00:00
[2022-02-01 17:06:01,461] {manager.py:1065} INFO - Finding 'running' jobs without a recent heartbeat
[2022-02-01 17:06:01,461] {manager.py:1069} INFO - Failing jobs without heartbeat after 2022-02-01 17:01:01.461667+00:00
[2022-02-01 17:06:11,510] {manager.py:1065} INFO - Finding 'running' jobs without a recent heartbeat
[2022-02-01 17:06:11,510] {manager.py:1069} INFO - Failing jobs without heartbeat after 2022-02-01 17:01:11.510909+00:00
[2022-02-01 17:06:21,541] {manager.py:1065} INFO - Finding 'running' jobs without a recent heartbeat
[2022-02-01 17:06:21,542] {manager.py:1069} INFO - Failing jobs without heartbeat after 2022-02-01 17:01:21.542069+00:00
[2022-02-01 17:06:31,572] {manager.py:1065} INFO - Finding 'running' jobs without a recent heartbeat
[2022-02-01 17:06:31,573] {manager.py:1069} INFO - Failing jobs without heartbeat after 2022-02-01 17:01:31.573287+00:00
[2022-02-01 17:06:41,608] {manager.py:1065} INFO - Finding 'running' jobs without a recent heartbeat
[2022-02-01 17:06:41,608] {manager.py:1069} INFO - Failing jobs without heartbeat after 2022-02-01 17:01:41.608235+00:00
[2022-02-01 17:06:51,652] {manager.py:1065} INFO - Finding 'running' jobs without a recent heartbeat
[2022-02-01 17:06:51,652] {manager.py:1069} INFO - Failing jobs without heartbeat after 2022-02-01 17:01:51.652544+00:00
[2022-02-01 17:07:01,685] {manager.py:1065} INFO - Finding 'running' jobs without a recent heartbeat
[2022-02-01 17:07:01,685] {manager.py:1069} INFO - Failing jobs without heartbeat after 2022-02-01 17:02:01.685283+00:00
[2022-02-01 17:07:11,718] {manager.py:1065} INFO - Finding 'running' jobs without a recent heartbeat
[2022-02-01 17:07:11,719] {manager.py:1069} INFO - Failing jobs without heartbeat after 2022-02-01 17:02:11.718977+00:00
[2022-02-01 17:07:21,770] {manager.py:1065} INFO - Finding 'running' jobs without a recent heartbeat
[2022-02-01 17:07:21,770] {manager.py:1069} INFO - Failing jobs without heartbeat after 2022-02-01 17:02:21.770299+00:00
[2022-02-01 17:07:31,802] {manager.py:1065} INFO - Finding 'running' jobs without a recent heartbeat
[2022-02-01 17:07:31,802] {manager.py:1069} INFO - Failing jobs without heartbeat after 2022-02-01 17:02:31.802925+00:00
[2022-02-01 17:07:41,835] {manager.py:1065} INFO - Finding 'running' jobs without a recent heartbeat
[2022-02-01 17:07:41,836] {manager.py:1069} INFO - Failing jobs without heartbeat after 2022-02-01 17:02:41.835936+00:00
[2022-02-01 17:07:51,899] {manager.py:1065} INFO - Finding 'running' jobs without a recent heartbeat
[2022-02-01 17:07:51,899] {manager.py:1069} INFO - Failing jobs without heartbeat after 2022-02-01 17:02:51.899223+00:00
[2022-02-01 17:08:01,935] {manager.py:1065} INFO - Finding 'running' jobs without a recent heartbeat
[2022-02-01 17:08:01,935] {manager.py:1069} INFO - Failing jobs without heartbeat after 2022-02-01 17:03:01.935293+00:00
[2022-02-01 17:08:11,972] {manager.py:1065} INFO - Finding 'running' jobs without a recent heartbeat
[2022-02-01 17:08:11,972] {manager.py:1069} INFO - Failing jobs without heartbeat after 2022-02-01 17:03:11.972800+00:00
[2022-02-01 17:08:22,006] {manager.py:1065} INFO - Finding 'running' jobs without a recent heartbeat
[2022-02-01 17:08:22,006] {manager.py:1069} INFO - Failing jobs without heartbeat after 2022-02-01 17:03:22.006763+00:00
[2022-02-01 17:08:32,041] {manager.py:1065} INFO - Finding 'running' jobs without a recent heartbeat
[2022-02-01 17:08:32,042] {manager.py:1069} INFO - Failing jobs without heartbeat after 2022-02-01 17:03:32.042191+00:00
[2022-02-01 17:08:42,095] {manager.py:1065} INFO - Finding 'running' jobs without a recent heartbeat
[2022-02-01 17:08:42,095] {manager.py:1069} INFO - Failing jobs without heartbeat after 2022-02-01 17:03:42.095307+00:00
[2022-02-01 17:08:52,128] {manager.py:1065} INFO - Finding 'running' jobs without a recent heartbeat
[2022-02-01 17:08:52,128] {manager.py:1069} INFO - Failing jobs without heartbeat after 2022-02-01 17:03:52.128573+00:00
[2022-02-01 17:09:02,159] {manager.py:1065} INFO - Finding 'running' jobs without a recent heartbeat
[2022-02-01 17:09:02,159] {manager.py:1069} INFO - Failing jobs without heartbeat after 2022-02-01 17:04:02.159551+00:00
[2022-02-01 17:09:12,211] {manager.py:1065} INFO - Finding 'running' jobs without a recent heartbeat
[2022-02-01 17:09:12,211] {manager.py:1069} INFO - Failing jobs without heartbeat after 2022-02-01 17:04:12.211175+00:00
[2022-02-01 17:09:22,240] {manager.py:1065} INFO - Finding 'running' jobs without a recent heartbeat
[2022-02-01 17:09:22,240] {manager.py:1069} INFO - Failing jobs without heartbeat after 2022-02-01 17:04:22.240315+00:00
[2022-02-01 17:09:32,272] {manager.py:1065} INFO - Finding 'running' jobs without a recent heartbeat
[2022-02-01 17:09:32,273] {manager.py:1069} INFO - Failing jobs without heartbeat after 2022-02-01 17:04:32.273422+00:00
[2022-02-01 17:09:42,325] {manager.py:1065} INFO - Finding 'running' jobs without a recent heartbeat
[2022-02-01 17:09:42,325] {manager.py:1069} INFO - Failing jobs without heartbeat after 2022-02-01 17:04:42.325905+00:00
[2022-02-01 17:09:52,356] {manager.py:1065} INFO - Finding 'running' jobs without a recent heartbeat
[2022-02-01 17:09:52,356] {manager.py:1069} INFO - Failing jobs without heartbeat after 2022-02-01 17:04:52.356460+00:00
[2022-02-01 17:09:55,371] {manager.py:663} INFO - Searching for files in /opt/airflow/dags
[2022-02-01 17:09:55,371] {manager.py:666} INFO - There are 0 files in /opt/airflow/dags
[2022-02-01 17:10:02,794] {manager.py:1065} INFO - Finding 'running' jobs without a recent heartbeat
[2022-02-01 17:10:02,794] {manager.py:1069} INFO - Failing jobs without heartbeat after 2022-02-01 17:05:02.794779+00:00
[2022-02-01 17:10:12,842] {manager.py:1065} INFO - Finding 'running' jobs without a recent heartbeat
[2022-02-01 17:10:12,842] {manager.py:1069} INFO - Failing jobs without heartbeat after 2022-02-01 17:05:12.842650+00:00
[2022-02-01 17:10:22,886] {manager.py:1065} INFO - Finding 'running' jobs without a recent heartbeat
[2022-02-01 17:10:22,886] {manager.py:1069} INFO - Failing jobs without heartbeat after 2022-02-01 17:05:22.886844+00:00
[2022-02-01 17:10:32,920] {manager.py:1065} INFO - Finding 'running' jobs without a recent heartbeat
[2022-02-01 17:10:32,920] {manager.py:1069} INFO - Failing jobs without heartbeat after 2022-02-01 17:05:32.920676+00:00
[2022-02-01 17:10:42,955] {manager.py:1065} INFO - Finding 'running' jobs without a recent heartbeat
[2022-02-01 17:10:42,956] {manager.py:1069} INFO - Failing jobs without heartbeat after 2022-02-01 17:05:42.956061+00:00
[2022-02-01 17:10:53,004] {manager.py:1065} INFO - Finding 'running' jobs without a recent heartbeat
[2022-02-01 17:10:53,004] {manager.py:1069} INFO - Failing jobs without heartbeat after 2022-02-01 17:05:53.004600+00:00
[2022-02-01 17:11:03,030] {manager.py:1065} INFO - Finding 'running' jobs without a recent heartbeat
[2022-02-01 17:11:03,031] {manager.py:1069} INFO - Failing jobs without heartbeat after 2022-02-01 17:06:03.031108+00:00
[2022-02-01 17:11:13,070] {manager.py:1065} INFO - Finding 'running' jobs without a recent heartbeat
[2022-02-01 17:11:13,070] {manager.py:1069} INFO - Failing jobs without heartbeat after 2022-02-01 17:06:13.070920+00:00
[2022-02-01 17:11:23,102] {manager.py:1065} INFO - Finding 'running' jobs without a recent heartbeat
[2022-02-01 17:11:23,103] {manager.py:1069} INFO - Failing jobs without heartbeat after 2022-02-01 17:06:23.103092+00:00
[2022-02-01 17:11:33,159] {manager.py:1065} INFO - Finding 'running' jobs without a recent heartbeat
[2022-02-01 17:11:33,159] {manager.py:1069} INFO - Failing jobs without heartbeat after 2022-02-01 17:06:33.159769+00:00
[2022-02-01 17:11:43,208] {manager.py:1065} INFO - Finding 'running' jobs without a recent heartbeat
[2022-02-01 17:11:43,208] {manager.py:1069} INFO - Failing jobs without heartbeat after 2022-02-01 17:06:43.208768+00:00
[2022-02-01 17:11:53,243] {manager.py:1065} INFO - Finding 'running' jobs without a recent heartbeat
[2022-02-01 17:11:53,243] {manager.py:1069} INFO - Failing jobs without heartbeat after 2022-02-01 17:06:53.243387+00:00
[2022-02-01 17:12:03,275] {manager.py:1065} INFO - Finding 'running' jobs without a recent heartbeat
[2022-02-01 17:12:03,275] {manager.py:1069} INFO - Failing jobs without heartbeat after 2022-02-01 17:07:03.275869+00:00
[2022-02-01 17:12:13,328] {manager.py:1065} INFO - Finding 'running' jobs without a recent heartbeat
[2022-02-01 17:12:13,328] {manager.py:1069} INFO - Failing jobs without heartbeat after 2022-02-01 17:07:13.328458+00:00
[2022-02-01 17:12:23,366] {manager.py:1065} INFO - Finding 'running' jobs without a recent heartbeat
[2022-02-01 17:12:23,366] {manager.py:1069} INFO - Failing jobs without heartbeat after 2022-02-01 17:07:23.366817+00:00
[2022-02-01 17:12:33,395] {manager.py:1065} INFO - Finding 'running' jobs without a recent heartbeat
[2022-02-01 17:12:33,395] {manager.py:1069} INFO - Failing jobs without heartbeat after 2022-02-01 17:07:33.395321+00:00
[2022-02-01 17:12:53,797] {manager.py:1065} INFO - Finding 'running' jobs without a recent heartbeat
[2022-02-01 17:12:53,797] {manager.py:1069} INFO - Failing jobs without heartbeat after 2022-02-01 17:07:53.797505+00:00
[2022-02-01 17:13:03,833] {manager.py:1065} INFO - Finding 'running' jobs without a recent heartbeat
[2022-02-01 17:13:03,833] {manager.py:1069} INFO - Failing jobs without heartbeat after 2022-02-01 17:08:03.833752+00:00
[2022-02-01 17:13:13,864] {manager.py:1065} INFO - Finding 'running' jobs without a recent heartbeat
[2022-02-01 17:13:13,865] {manager.py:1069} INFO - Failing jobs without heartbeat after 2022-02-01 17:08:13.865088+00:00
[2022-02-01 17:13:23,894] {manager.py:1065} INFO - Finding 'running' jobs without a recent heartbeat
[2022-02-01 17:13:23,894] {manager.py:1069} INFO - Failing jobs without heartbeat after 2022-02-01 17:08:23.894852+00:00
[2022-02-01 17:13:33,926] {manager.py:1065} INFO - Finding 'running' jobs without a recent heartbeat
[2022-02-01 17:13:33,927] {manager.py:1069} INFO - Failing jobs without heartbeat after 2022-02-01 17:08:33.927465+00:00
[2022-02-01 17:13:43,985] {manager.py:1065} INFO - Finding 'running' jobs without a recent heartbeat
[2022-02-01 17:13:43,985] {manager.py:1069} INFO - Failing jobs without heartbeat after 2022-02-01 17:08:43.985898+00:00
[2022-02-01 17:13:54,012] {manager.py:1065} INFO - Finding 'running' jobs without a recent heartbeat
[2022-02-01 17:13:54,012] {manager.py:1069} INFO - Failing jobs without heartbeat after 2022-02-01 17:08:54.012956+00:00
[2022-02-01 17:14:04,046] {manager.py:1065} INFO - Finding 'running' jobs without a recent heartbeat
[2022-02-01 17:14:04,046] {manager.py:1069} INFO - Failing jobs without heartbeat after 2022-02-01 17:09:04.046422+00:00
[2022-02-01 17:14:14,078] {manager.py:1065} INFO - Finding 'running' jobs without a recent heartbeat
[2022-02-01 17:14:14,079] {manager.py:1069} INFO - Failing jobs without heartbeat after 2022-02-01 17:09:14.079106+00:00
[2022-02-01 17:14:24,109] {manager.py:1065} INFO - Finding 'running' jobs without a recent heartbeat
[2022-02-01 17:14:24,109] {manager.py:1069} INFO - Failing jobs without heartbeat after 2022-02-01 17:09:24.109474+00:00
[2022-02-01 17:14:34,141] {manager.py:1065} INFO - Finding 'running' jobs without a recent heartbeat
[2022-02-01 17:14:34,141] {manager.py:1069} INFO - Failing jobs without heartbeat after 2022-02-01 17:09:34.141765+00:00
[2022-02-01 17:14:44,183] {manager.py:1065} INFO - Finding 'running' jobs without a recent heartbeat
[2022-02-01 17:14:44,183] {manager.py:1069} INFO - Failing jobs without heartbeat after 2022-02-01 17:09:44.183273+00:00
[2022-02-01 17:14:54,222] {manager.py:1065} INFO - Finding 'running' jobs without a recent heartbeat
[2022-02-01 17:14:54,222] {manager.py:1069} INFO - Failing jobs without heartbeat after 2022-02-01 17:09:54.222731+00:00
[2022-02-01 17:14:56,252] {manager.py:663} INFO - Searching for files in /opt/airflow/dags
[2022-02-01 17:14:56,253] {manager.py:666} INFO - There are 0 files in /opt/airflow/dags
[2022-02-01 17:15:04,277] {manager.py:1065} INFO - Finding 'running' jobs without a recent heartbeat
[2022-02-01 17:15:04,278] {manager.py:1069} INFO - Failing jobs without heartbeat after 2022-02-01 17:10:04.277971+00:00
[2022-02-01 17:15:14,329] {manager.py:1065} INFO - Finding 'running' jobs without a recent heartbeat
[2022-02-01 17:15:14,329] {manager.py:1069} INFO - Failing jobs without heartbeat after 2022-02-01 17:10:14.329276+00:00
[2022-02-01 17:15:24,364] {manager.py:1065} INFO - Finding 'running' jobs without a recent heartbeat
[2022-02-01 17:15:24,364] {manager.py:1069} INFO - Failing jobs without heartbeat after 2022-02-01 17:10:24.364954+00:00
[2022-02-01 17:15:34,412] {manager.py:1065} INFO - Finding 'running' jobs without a recent heartbeat
[2022-02-01 17:15:34,412] {manager.py:1069} INFO - Failing jobs without heartbeat after 2022-02-01 17:10:34.412711+00:00
[2022-02-01 17:15:44,455] {manager.py:1065} INFO - Finding 'running' jobs without a recent heartbeat
[2022-02-01 17:15:44,455] {manager.py:1069} INFO - Failing jobs without heartbeat after 2022-02-01 17:10:44.455528+00:00
[2022-02-01 17:15:54,487] {manager.py:1065} INFO - Finding 'running' jobs without a recent heartbeat
[2022-02-01 17:15:54,487] {manager.py:1069} INFO - Failing jobs without heartbeat after 2022-02-01 17:10:54.487180+00:00
[2022-02-01 17:16:04,518] {manager.py:1065} INFO - Finding 'running' jobs without a recent heartbeat
[2022-02-01 17:16:04,518] {manager.py:1069} INFO - Failing jobs without heartbeat after 2022-02-01 17:11:04.518434+00:00
[2022-02-01 17:16:14,551] {manager.py:1065} INFO - Finding 'running' jobs without a recent heartbeat
[2022-02-01 17:16:14,551] {manager.py:1069} INFO - Failing jobs without heartbeat after 2022-02-01 17:11:14.551856+00:00
[2022-02-01 17:16:24,589] {manager.py:1065} INFO - Finding 'running' jobs without a recent heartbeat
[2022-02-01 17:16:24,589] {manager.py:1069} INFO - Failing jobs without heartbeat after 2022-02-01 17:11:24.589501+00:00
[2022-02-01 17:16:34,641] {manager.py:1065} INFO - Finding 'running' jobs without a recent heartbeat
[2022-02-01 17:16:34,642] {manager.py:1069} INFO - Failing jobs without heartbeat after 2022-02-01 17:11:34.642128+00:00
[2022-02-01 17:16:44,672] {manager.py:1065} INFO - Finding 'running' jobs without a recent heartbeat
[2022-02-01 17:16:44,673] {manager.py:1069} INFO - Failing jobs without heartbeat after 2022-02-01 17:11:44.673071+00:00
[2022-02-01 17:16:54,703] {manager.py:1065} INFO - Finding 'running' jobs without a recent heartbeat
[2022-02-01 17:16:54,703] {manager.py:1069} INFO - Failing jobs without heartbeat after 2022-02-01 17:11:54.703227+00:00
[2022-02-01 17:17:04,753] {manager.py:1065} INFO - Finding 'running' jobs without a recent heartbeat
[2022-02-01 17:17:04,753] {manager.py:1069} INFO - Failing jobs without heartbeat after 2022-02-01 17:12:04.753405+00:00
[2022-02-01 17:17:14,794] {manager.py:1065} INFO - Finding 'running' jobs without a recent heartbeat
[2022-02-01 17:17:14,795] {manager.py:1069} INFO - Failing jobs without heartbeat after 2022-02-01 17:12:14.795415+00:00
[2022-02-01 17:17:24,843] {manager.py:1065} INFO - Finding 'running' jobs without a recent heartbeat
[2022-02-01 17:17:24,843] {manager.py:1069} INFO - Failing jobs without heartbeat after 2022-02-01 17:12:24.843213+00:00
[2022-02-01 17:17:34,878] {manager.py:1065} INFO - Finding 'running' jobs without a recent heartbeat
[2022-02-01 17:17:34,879] {manager.py:1069} INFO - Failing jobs without heartbeat after 2022-02-01 17:12:34.879090+00:00
[2022-02-01 17:17:44,927] {manager.py:1065} INFO - Finding 'running' jobs without a recent heartbeat
[2022-02-01 17:17:44,927] {manager.py:1069} INFO - Failing jobs without heartbeat after 2022-02-01 17:12:44.927386+00:00
[2022-02-01 17:17:54,965] {manager.py:1065} INFO - Finding 'running' jobs without a recent heartbeat
[2022-02-01 17:17:54,966] {manager.py:1069} INFO - Failing jobs without heartbeat after 2022-02-01 17:12:54.966197+00:00
[2022-02-01 17:18:05,008] {manager.py:1065} INFO - Finding 'running' jobs without a recent heartbeat
[2022-02-01 17:18:05,008] {manager.py:1069} INFO - Failing jobs without heartbeat after 2022-02-01 17:13:05.008774+00:00
[2022-02-01 17:18:15,049] {manager.py:1065} INFO - Finding 'running' jobs without a recent heartbeat
[2022-02-01 17:18:15,050] {manager.py:1069} INFO - Failing jobs without heartbeat after 2022-02-01 17:13:15.050073+00:00
[2022-02-01 17:18:25,087] {manager.py:1065} INFO - Finding 'running' jobs without a recent heartbeat
[2022-02-01 17:18:25,087] {manager.py:1069} INFO - Failing jobs without heartbeat after 2022-02-01 17:13:25.087758+00:00
[2022-02-01 17:18:35,146] {manager.py:1065} INFO - Finding 'running' jobs without a recent heartbeat
[2022-02-01 17:18:35,147] {manager.py:1069} INFO - Failing jobs without heartbeat after 2022-02-01 17:13:35.147179+00:00
[2022-02-01 17:18:45,189] {manager.py:1065} INFO - Finding 'running' jobs without a recent heartbeat
[2022-02-01 17:18:45,189] {manager.py:1069} INFO - Failing jobs without heartbeat after 2022-02-01 17:13:45.189664+00:00
